Arguments: 
  D:\Arquivos e Programas\node\node.exe C:\Users\luanj\AppData\Roaming\npm\node_modules\yarn\bin\yarn.js init

PATH: 
  D:\Arquivos e Programas\RockWell\RSCommon;C:\Windows\system32;C:\Windows;C:\Windows\System32\Wbem;C:\Windows\System32\WindowsPowerShell\v1.0\;C:\Windows\System32\OpenSSH\;C:\Program Files (x86)\NVIDIA Corporation\PhysX\Common;C:\Program Files\NVIDIA Corporation\NVIDIA NvDLISR;C:\WINDOWS\system32;C:\WINDOWS;C:\WINDOWS\System32\Wbem;C:\WINDOWS\System32\WindowsPowerShell\v1.0\;C:\WINDOWS\System32\OpenSSH\;D:\Arquivos e Programas\Gpg4win\..\GnuPG\bin;D:\Arquivos e Programas\Git\cmd;D;D:\Arquivos e Programas\Matlab2019\runtime\win64;D:\Arquivos e Programas\Matlab2019\bin;D:\Arquivos e Programas\Matlab2019\polyspace\bin;C:\ProgramData\chocolatey\bin;D:\Arquivos e Programas\node\;C:\Users\luanj\AppData\Local\Microsoft\WindowsApps;D:\Arquivos e Programas\Microsoft VS Code\bin;C:\Users\luanj\AppData\Local\GitHubDesktop\bin;C:\Users\luanj\AppData\Roaming\npm;D:\intelFPGA_lite\20.1\modelsim_ase\win32aloem

Yarn version: 
  1.22.10

Node version: 
  14.15.3

Platform: 
  win32 x64

Trace: 
  Error: canceled
      at Interface.<anonymous> (C:\Users\luanj\AppData\Roaming\npm\node_modules\yarn\lib\cli.js:136216:13)
      at Interface.emit (events.js:315:20)
      at Interface._ttyWrite (readline.js:875:16)
      at ReadStream.onkeypress (readline.js:213:10)
      at ReadStream.emit (events.js:315:20)
      at emitKeys (internal/readline/utils.js:345:14)
      at emitKeys.next (<anonymous>)
      at ReadStream.onData (readline.js:1144:36)
      at ReadStream.emit (events.js:315:20)
      at addChunk (internal/streams/readable.js:309:12)

npm manifest: 
  {
    "name": "backend",
    "version": "1.0.0",
    "main": "index.js",
    "scripts": {
      "test": "echo \"Error: no test specified\" && exit 1"
    },
    "keywords": [],
    "author": "",
    "license": "ISC",
    "dependencies": {
      "express": "^4.17.1",
      "uuidv4": "^6.2.6"
    },
    "devDependencies": {
      "nodemon": "^2.0.7"
    },
    "description": ""
  }

yarn manifest: 
  No manifest

Lockfile: 
  No lockfile
